<?xml version="1.0" encoding="UTF-8"?>
<!-- Generated by org.testng.reporters.JUnitReportReporter -->
<testsuite hostname="user-PC" failures="0" tests="1" name="dataprovider.Dataprovider" time="5.002" errors="0" timestamp="2024-06-17T16:57:06 IST" skipped="0">
  <testcase classname="dataprovider.Dataprovider" name="searchJacket" time="5.002"/>
</testsuite> <!-- dataprovider.Dataprovider -->
