<?xml version="1.0" encoding="UTF-8"?>
<!-- Generated by org.testng.reporters.JUnitReportReporter -->
<testsuite hostname="user-PC" failures="0" tests="1" name="mouseover.Mouseoveractions$MouseOverAction" time="16.494" errors="0" timestamp="2024-06-17T13:07:02 IST" skipped="0">
  <testcase classname="mouseover.Mouseoveractions$MouseOverAction" name="Mose_hover" time="16.494"/>
</testsuite> <!-- mouseover.Mouseoveractions$MouseOverAction -->
